[2024-08-14T09:11:18.413+0900] {local_task_job_runner.py:120} INFO - ::group::Pre task execution logs
[2024-08-14T09:11:18.419+0900] {taskinstance.py:2076} INFO - Dependencies all met for dep_context=non-requeueable deps ti=<TaskInstance: kakao-pipeline.creating_table scheduled__2024-08-13T00:00:00+00:00 [queued]>
[2024-08-14T09:11:18.422+0900] {taskinstance.py:2076} INFO - Dependencies all met for dep_context=requeueable deps ti=<TaskInstance: kakao-pipeline.creating_table scheduled__2024-08-13T00:00:00+00:00 [queued]>
[2024-08-14T09:11:18.422+0900] {taskinstance.py:2306} INFO - Starting attempt 1 of 1
[2024-08-14T09:11:18.435+0900] {taskinstance.py:2330} INFO - Executing <Task(SqliteOperator): creating_table> on 2024-08-13 00:00:00+00:00
[2024-08-14T09:11:18.438+0900] {standard_task_runner.py:64} INFO - Started process 1860 to run task
[2024-08-14T09:11:18.439+0900] {standard_task_runner.py:90} INFO - Running: ['airflow', 'tasks', 'run', 'kakao-pipeline', 'creating_table', 'scheduled__2024-08-13T00:00:00+00:00', '--job-id', '11', '--raw', '--subdir', 'DAGS_FOLDER/kakao-pipeline.py', '--cfg-path', '/tmp/tmpxeifvjmw']
[2024-08-14T09:11:18.440+0900] {standard_task_runner.py:91} INFO - Job 11: Subtask creating_table
[2024-08-14T09:11:18.485+0900] {task_command.py:426} INFO - Running <TaskInstance: kakao-pipeline.creating_table scheduled__2024-08-13T00:00:00+00:00 [running]> on host demo-server
[2024-08-14T09:11:18.546+0900] {taskinstance.py:2648} INFO - Exporting env vars: AIRFLOW_CTX_DAG_OWNER='airflow' AIRFLOW_CTX_DAG_ID='kakao-pipeline' AIRFLOW_CTX_TASK_ID='creating_table' AIRFLOW_CTX_EXECUTION_DATE='2024-08-13T00:00:00+00:00' AIRFLOW_CTX_TRY_NUMBER='1' AIRFLOW_CTX_DAG_RUN_ID='scheduled__2024-08-13T00:00:00+00:00'
[2024-08-14T09:11:18.547+0900] {taskinstance.py:430} INFO - ::endgroup::
[2024-08-14T09:11:18.548+0900] {sql.py:282} INFO - Executing: 
        CREATE TABLE IF NOT EXISTS kakao_search_result(
            created_at TEXT,
            contents TEXT,
            title TEXT,
            url TEXT
        )
        
[2024-08-14T09:11:18.552+0900] {base.py:84} INFO - Using connection ID 'sqlite_con' for task execution.
[2024-08-14T09:11:18.554+0900] {base.py:84} INFO - Using connection ID 'sqlite_con' for task execution.
[2024-08-14T09:11:18.555+0900] {sql.py:509} INFO - Running statement: 
        CREATE TABLE IF NOT EXISTS kakao_search_result(
            created_at TEXT,
            contents TEXT,
            title TEXT,
            url TEXT
        )
        , parameters: None
[2024-08-14T09:11:18.555+0900] {taskinstance.py:441} INFO - ::group::Post task execution logs
[2024-08-14T09:11:18.557+0900] {taskinstance.py:1206} INFO - Marking task as SUCCESS. dag_id=kakao-pipeline, task_id=creating_table, run_id=scheduled__2024-08-13T00:00:00+00:00, execution_date=20240813T000000, start_date=20240814T001118, end_date=20240814T001118
[2024-08-14T09:11:18.585+0900] {local_task_job_runner.py:243} INFO - Task exited with return code 0
[2024-08-14T09:11:18.592+0900] {taskinstance.py:3503} INFO - 0 downstream tasks scheduled from follow-on schedule check
[2024-08-14T09:11:18.592+0900] {local_task_job_runner.py:222} INFO - ::endgroup::
