[2024-08-16T09:18:44.184+0900] {local_task_job_runner.py:120} INFO - ::group::Pre task execution logs
[2024-08-16T09:18:44.191+0900] {taskinstance.py:2076} INFO - Dependencies all met for dep_context=non-requeueable deps ti=<TaskInstance: kakao-pipeline.is_api_available scheduled__2024-08-15T00:00:00+00:00 [queued]>
[2024-08-16T09:18:44.196+0900] {taskinstance.py:2076} INFO - Dependencies all met for dep_context=requeueable deps ti=<TaskInstance: kakao-pipeline.is_api_available scheduled__2024-08-15T00:00:00+00:00 [queued]>
[2024-08-16T09:18:44.196+0900] {taskinstance.py:2306} INFO - Starting attempt 1 of 1
[2024-08-16T09:18:44.227+0900] {taskinstance.py:2330} INFO - Executing <Task(HttpSensor): is_api_available> on 2024-08-15 00:00:00+00:00
[2024-08-16T09:18:44.234+0900] {standard_task_runner.py:64} INFO - Started process 2666 to run task
[2024-08-16T09:18:44.240+0900] {standard_task_runner.py:90} INFO - Running: ['airflow', 'tasks', 'run', 'kakao-pipeline', 'is_api_available', 'scheduled__2024-08-15T00:00:00+00:00', '--job-id', '104', '--raw', '--subdir', 'DAGS_FOLDER/lecture_practice/kakao-pipeline.py', '--cfg-path', '/tmp/tmpc8xbdctp']
[2024-08-16T09:18:44.241+0900] {standard_task_runner.py:91} INFO - Job 104: Subtask is_api_available
[2024-08-16T09:18:44.308+0900] {task_command.py:426} INFO - Running <TaskInstance: kakao-pipeline.is_api_available scheduled__2024-08-15T00:00:00+00:00 [running]> on host demo-server
[2024-08-16T09:18:44.395+0900] {taskinstance.py:2648} INFO - Exporting env vars: AIRFLOW_CTX_DAG_OWNER='airflow' AIRFLOW_CTX_DAG_ID='kakao-pipeline' AIRFLOW_CTX_TASK_ID='is_api_available' AIRFLOW_CTX_EXECUTION_DATE='2024-08-15T00:00:00+00:00' AIRFLOW_CTX_TRY_NUMBER='1' AIRFLOW_CTX_DAG_RUN_ID='scheduled__2024-08-15T00:00:00+00:00'
[2024-08-16T09:18:44.396+0900] {taskinstance.py:430} INFO - ::endgroup::
[2024-08-16T09:18:44.397+0900] {baseoperator.py:400} WARNING - HttpSensor.execute cannot be called outside TaskInstance!
[2024-08-16T09:18:44.397+0900] {http.py:137} INFO - Poking: v2/search/web
[2024-08-16T09:18:44.402+0900] {base.py:84} INFO - Using connection ID 'kakao_api' for task execution.
[2024-08-16T09:18:44.534+0900] {base.py:294} INFO - Success criteria met. Exiting.
[2024-08-16T09:18:44.535+0900] {taskinstance.py:441} INFO - ::group::Post task execution logs
[2024-08-16T09:18:44.540+0900] {taskinstance.py:1206} INFO - Marking task as SUCCESS. dag_id=kakao-pipeline, task_id=is_api_available, run_id=scheduled__2024-08-15T00:00:00+00:00, execution_date=20240815T000000, start_date=20240816T001844, end_date=20240816T001844
[2024-08-16T09:18:44.566+0900] {local_task_job_runner.py:243} INFO - Task exited with return code 0
[2024-08-16T09:18:44.574+0900] {logging_mixin.py:188} WARNING - /home/ubuntu/miniconda3/envs/airflow-env/lib/python3.8/site-packages/airflow/models/baseoperator.py:1297 AirflowProviderDeprecationWarning: Call to deprecated class SimpleHttpOperator. (Class `SimpleHttpOperator` is deprecated and will be removed in a future release. Please use `HttpOperator` instead.)
[2024-08-16T09:18:44.587+0900] {taskinstance.py:3503} INFO - 1 downstream tasks scheduled from follow-on schedule check
[2024-08-16T09:18:44.599+0900] {local_task_job_runner.py:222} INFO - ::endgroup::
