[2024-08-15T01:33:42.842+0900] {processor.py:161} INFO - Started process (PID=49683) to work on /home/ubuntu/airflow/dags/lecture_practice/kakao-pipeline.py
[2024-08-15T01:33:42.843+0900] {processor.py:830} INFO - Processing file /home/ubuntu/airflow/dags/lecture_practice/kakao-pipeline.py for tasks to queue
[2024-08-15T01:33:42.844+0900] {logging_mixin.py:188} INFO - [2024-08-15T01:33:42.844+0900] {dagbag.py:545} INFO - Filling up the DagBag from /home/ubuntu/airflow/dags/lecture_practice/kakao-pipeline.py
[2024-08-15T01:33:43.289+0900] {processor.py:840} INFO - DAG(s) 'kakao-pipeline' retrieved from /home/ubuntu/airflow/dags/lecture_practice/kakao-pipeline.py
[2024-08-15T01:33:43.340+0900] {logging_mixin.py:188} INFO - [2024-08-15T01:33:43.340+0900] {dag.py:3089} INFO - Sync 1 DAGs
[2024-08-15T01:33:43.350+0900] {logging_mixin.py:188} INFO - [2024-08-15T01:33:43.350+0900] {dag.py:3947} INFO - Setting next_dagrun for kakao-pipeline to 2024-08-14 00:00:00+00:00, run_after=2024-08-15 00:00:00+00:00
[2024-08-15T01:33:43.368+0900] {processor.py:183} INFO - Processing /home/ubuntu/airflow/dags/lecture_practice/kakao-pipeline.py took 0.531 seconds
[2024-08-15T01:34:47.815+0900] {processor.py:161} INFO - Started process (PID=49771) to work on /home/ubuntu/airflow/dags/lecture_practice/kakao-pipeline.py
[2024-08-15T01:34:47.817+0900] {processor.py:830} INFO - Processing file /home/ubuntu/airflow/dags/lecture_practice/kakao-pipeline.py for tasks to queue
[2024-08-15T01:34:47.817+0900] {logging_mixin.py:188} INFO - [2024-08-15T01:34:47.817+0900] {dagbag.py:545} INFO - Filling up the DagBag from /home/ubuntu/airflow/dags/lecture_practice/kakao-pipeline.py
[2024-08-15T01:34:48.051+0900] {processor.py:840} INFO - DAG(s) 'kakao-pipeline' retrieved from /home/ubuntu/airflow/dags/lecture_practice/kakao-pipeline.py
[2024-08-15T01:34:48.062+0900] {logging_mixin.py:188} INFO - [2024-08-15T01:34:48.061+0900] {dag.py:3089} INFO - Sync 1 DAGs
[2024-08-15T01:34:48.073+0900] {logging_mixin.py:188} INFO - [2024-08-15T01:34:48.073+0900] {dag.py:3947} INFO - Setting next_dagrun for kakao-pipeline to 2024-08-14 00:00:00+00:00, run_after=2024-08-15 00:00:00+00:00
[2024-08-15T01:34:48.091+0900] {processor.py:183} INFO - Processing /home/ubuntu/airflow/dags/lecture_practice/kakao-pipeline.py took 0.280 seconds
[2024-08-15T01:35:23.020+0900] {processor.py:161} INFO - Started process (PID=49830) to work on /home/ubuntu/airflow/dags/lecture_practice/kakao-pipeline.py
[2024-08-15T01:35:23.022+0900] {processor.py:830} INFO - Processing file /home/ubuntu/airflow/dags/lecture_practice/kakao-pipeline.py for tasks to queue
[2024-08-15T01:35:23.023+0900] {logging_mixin.py:188} INFO - [2024-08-15T01:35:23.023+0900] {dagbag.py:545} INFO - Filling up the DagBag from /home/ubuntu/airflow/dags/lecture_practice/kakao-pipeline.py
[2024-08-15T01:35:23.254+0900] {processor.py:840} INFO - DAG(s) 'kakao-pipeline' retrieved from /home/ubuntu/airflow/dags/lecture_practice/kakao-pipeline.py
[2024-08-15T01:35:23.264+0900] {logging_mixin.py:188} INFO - [2024-08-15T01:35:23.264+0900] {dag.py:3089} INFO - Sync 1 DAGs
[2024-08-15T01:35:23.276+0900] {logging_mixin.py:188} INFO - [2024-08-15T01:35:23.276+0900] {dag.py:3947} INFO - Setting next_dagrun for kakao-pipeline to 2024-08-14 00:00:00+00:00, run_after=2024-08-15 00:00:00+00:00
[2024-08-15T01:35:23.296+0900] {processor.py:183} INFO - Processing /home/ubuntu/airflow/dags/lecture_practice/kakao-pipeline.py took 0.282 seconds
[2024-08-15T01:35:55.332+0900] {processor.py:161} INFO - Started process (PID=49880) to work on /home/ubuntu/airflow/dags/lecture_practice/kakao-pipeline.py
[2024-08-15T01:35:55.334+0900] {processor.py:830} INFO - Processing file /home/ubuntu/airflow/dags/lecture_practice/kakao-pipeline.py for tasks to queue
[2024-08-15T01:35:55.334+0900] {logging_mixin.py:188} INFO - [2024-08-15T01:35:55.334+0900] {dagbag.py:545} INFO - Filling up the DagBag from /home/ubuntu/airflow/dags/lecture_practice/kakao-pipeline.py
[2024-08-15T01:35:55.564+0900] {processor.py:840} INFO - DAG(s) 'kakao-pipeline' retrieved from /home/ubuntu/airflow/dags/lecture_practice/kakao-pipeline.py
[2024-08-15T01:35:55.574+0900] {logging_mixin.py:188} INFO - [2024-08-15T01:35:55.574+0900] {dag.py:3089} INFO - Sync 1 DAGs
[2024-08-15T01:35:55.585+0900] {logging_mixin.py:188} INFO - [2024-08-15T01:35:55.585+0900] {dag.py:3947} INFO - Setting next_dagrun for kakao-pipeline to 2024-08-14 00:00:00+00:00, run_after=2024-08-15 00:00:00+00:00
[2024-08-15T01:35:55.617+0900] {processor.py:183} INFO - Processing /home/ubuntu/airflow/dags/lecture_practice/kakao-pipeline.py took 0.290 seconds
[2024-08-15T01:36:55.118+0900] {processor.py:161} INFO - Started process (PID=49968) to work on /home/ubuntu/airflow/dags/lecture_practice/kakao-pipeline.py
[2024-08-15T01:36:55.119+0900] {processor.py:830} INFO - Processing file /home/ubuntu/airflow/dags/lecture_practice/kakao-pipeline.py for tasks to queue
[2024-08-15T01:36:55.119+0900] {logging_mixin.py:188} INFO - [2024-08-15T01:36:55.119+0900] {dagbag.py:545} INFO - Filling up the DagBag from /home/ubuntu/airflow/dags/lecture_practice/kakao-pipeline.py
[2024-08-15T01:36:55.359+0900] {processor.py:840} INFO - DAG(s) 'kakao-pipeline' retrieved from /home/ubuntu/airflow/dags/lecture_practice/kakao-pipeline.py
[2024-08-15T01:36:55.370+0900] {logging_mixin.py:188} INFO - [2024-08-15T01:36:55.369+0900] {dag.py:3089} INFO - Sync 1 DAGs
[2024-08-15T01:36:55.382+0900] {logging_mixin.py:188} INFO - [2024-08-15T01:36:55.382+0900] {dag.py:3947} INFO - Setting next_dagrun for kakao-pipeline to 2024-08-14 00:00:00+00:00, run_after=2024-08-15 00:00:00+00:00
[2024-08-15T01:36:55.414+0900] {processor.py:183} INFO - Processing /home/ubuntu/airflow/dags/lecture_practice/kakao-pipeline.py took 0.301 seconds
[2024-08-15T01:37:30.571+0900] {processor.py:161} INFO - Started process (PID=50008) to work on /home/ubuntu/airflow/dags/lecture_practice/kakao-pipeline.py
[2024-08-15T01:37:30.573+0900] {processor.py:830} INFO - Processing file /home/ubuntu/airflow/dags/lecture_practice/kakao-pipeline.py for tasks to queue
[2024-08-15T01:37:30.574+0900] {logging_mixin.py:188} INFO - [2024-08-15T01:37:30.573+0900] {dagbag.py:545} INFO - Filling up the DagBag from /home/ubuntu/airflow/dags/lecture_practice/kakao-pipeline.py
[2024-08-15T01:37:30.805+0900] {processor.py:840} INFO - DAG(s) 'kakao-pipeline' retrieved from /home/ubuntu/airflow/dags/lecture_practice/kakao-pipeline.py
[2024-08-15T01:37:30.816+0900] {logging_mixin.py:188} INFO - [2024-08-15T01:37:30.816+0900] {dag.py:3089} INFO - Sync 1 DAGs
[2024-08-15T01:37:30.828+0900] {logging_mixin.py:188} INFO - [2024-08-15T01:37:30.828+0900] {dag.py:3947} INFO - Setting next_dagrun for kakao-pipeline to 2024-08-14 00:00:00+00:00, run_after=2024-08-15 00:00:00+00:00
[2024-08-15T01:37:30.845+0900] {processor.py:183} INFO - Processing /home/ubuntu/airflow/dags/lecture_practice/kakao-pipeline.py took 0.279 seconds
[2024-08-15T01:38:07.449+0900] {processor.py:161} INFO - Started process (PID=50072) to work on /home/ubuntu/airflow/dags/lecture_practice/kakao-pipeline.py
[2024-08-15T01:38:07.450+0900] {processor.py:830} INFO - Processing file /home/ubuntu/airflow/dags/lecture_practice/kakao-pipeline.py for tasks to queue
[2024-08-15T01:38:07.451+0900] {logging_mixin.py:188} INFO - [2024-08-15T01:38:07.451+0900] {dagbag.py:545} INFO - Filling up the DagBag from /home/ubuntu/airflow/dags/lecture_practice/kakao-pipeline.py
[2024-08-15T01:38:07.695+0900] {processor.py:840} INFO - DAG(s) 'kakao-pipeline' retrieved from /home/ubuntu/airflow/dags/lecture_practice/kakao-pipeline.py
[2024-08-15T01:38:07.705+0900] {logging_mixin.py:188} INFO - [2024-08-15T01:38:07.705+0900] {dag.py:3089} INFO - Sync 1 DAGs
[2024-08-15T01:38:07.717+0900] {logging_mixin.py:188} INFO - [2024-08-15T01:38:07.717+0900] {dag.py:3947} INFO - Setting next_dagrun for kakao-pipeline to 2024-08-14 00:00:00+00:00, run_after=2024-08-15 00:00:00+00:00
[2024-08-15T01:38:07.747+0900] {processor.py:183} INFO - Processing /home/ubuntu/airflow/dags/lecture_practice/kakao-pipeline.py took 0.304 seconds
[2024-08-15T01:38:40.393+0900] {processor.py:161} INFO - Started process (PID=50123) to work on /home/ubuntu/airflow/dags/lecture_practice/kakao-pipeline.py
[2024-08-15T01:38:40.394+0900] {processor.py:830} INFO - Processing file /home/ubuntu/airflow/dags/lecture_practice/kakao-pipeline.py for tasks to queue
[2024-08-15T01:38:40.395+0900] {logging_mixin.py:188} INFO - [2024-08-15T01:38:40.395+0900] {dagbag.py:545} INFO - Filling up the DagBag from /home/ubuntu/airflow/dags/lecture_practice/kakao-pipeline.py
[2024-08-15T01:38:40.620+0900] {processor.py:840} INFO - DAG(s) 'kakao-pipeline' retrieved from /home/ubuntu/airflow/dags/lecture_practice/kakao-pipeline.py
[2024-08-15T01:38:40.630+0900] {logging_mixin.py:188} INFO - [2024-08-15T01:38:40.630+0900] {dag.py:3089} INFO - Sync 1 DAGs
[2024-08-15T01:38:40.641+0900] {logging_mixin.py:188} INFO - [2024-08-15T01:38:40.641+0900] {dag.py:3947} INFO - Setting next_dagrun for kakao-pipeline to 2024-08-14 00:00:00+00:00, run_after=2024-08-15 00:00:00+00:00
[2024-08-15T01:38:40.670+0900] {processor.py:183} INFO - Processing /home/ubuntu/airflow/dags/lecture_practice/kakao-pipeline.py took 0.282 seconds
[2024-08-15T01:39:12.620+0900] {processor.py:161} INFO - Started process (PID=50172) to work on /home/ubuntu/airflow/dags/lecture_practice/kakao-pipeline.py
[2024-08-15T01:39:12.621+0900] {processor.py:830} INFO - Processing file /home/ubuntu/airflow/dags/lecture_practice/kakao-pipeline.py for tasks to queue
[2024-08-15T01:39:12.622+0900] {logging_mixin.py:188} INFO - [2024-08-15T01:39:12.622+0900] {dagbag.py:545} INFO - Filling up the DagBag from /home/ubuntu/airflow/dags/lecture_practice/kakao-pipeline.py
[2024-08-15T01:39:12.853+0900] {processor.py:840} INFO - DAG(s) 'kakao-pipeline' retrieved from /home/ubuntu/airflow/dags/lecture_practice/kakao-pipeline.py
[2024-08-15T01:39:12.868+0900] {logging_mixin.py:188} INFO - [2024-08-15T01:39:12.868+0900] {dag.py:3089} INFO - Sync 1 DAGs
[2024-08-15T01:39:12.886+0900] {logging_mixin.py:188} INFO - [2024-08-15T01:39:12.886+0900] {dag.py:3947} INFO - Setting next_dagrun for kakao-pipeline to 2024-08-14 00:00:00+00:00, run_after=2024-08-15 00:00:00+00:00
[2024-08-15T01:39:12.916+0900] {processor.py:183} INFO - Processing /home/ubuntu/airflow/dags/lecture_practice/kakao-pipeline.py took 0.301 seconds
[2024-08-15T01:40:13.828+0900] {processor.py:161} INFO - Started process (PID=50271) to work on /home/ubuntu/airflow/dags/lecture_practice/kakao-pipeline.py
[2024-08-15T01:40:13.838+0900] {processor.py:830} INFO - Processing file /home/ubuntu/airflow/dags/lecture_practice/kakao-pipeline.py for tasks to queue
[2024-08-15T01:40:13.840+0900] {logging_mixin.py:188} INFO - [2024-08-15T01:40:13.839+0900] {dagbag.py:545} INFO - Filling up the DagBag from /home/ubuntu/airflow/dags/lecture_practice/kakao-pipeline.py
[2024-08-15T01:40:14.075+0900] {processor.py:840} INFO - DAG(s) 'kakao-pipeline' retrieved from /home/ubuntu/airflow/dags/lecture_practice/kakao-pipeline.py
[2024-08-15T01:40:14.086+0900] {logging_mixin.py:188} INFO - [2024-08-15T01:40:14.085+0900] {dag.py:3089} INFO - Sync 1 DAGs
[2024-08-15T01:40:14.098+0900] {logging_mixin.py:188} INFO - [2024-08-15T01:40:14.098+0900] {dag.py:3947} INFO - Setting next_dagrun for kakao-pipeline to 2024-08-14 00:00:00+00:00, run_after=2024-08-15 00:00:00+00:00
[2024-08-15T01:40:14.128+0900] {processor.py:183} INFO - Processing /home/ubuntu/airflow/dags/lecture_practice/kakao-pipeline.py took 0.306 seconds
[2024-08-15T01:41:17.151+0900] {processor.py:161} INFO - Started process (PID=50368) to work on /home/ubuntu/airflow/dags/lecture_practice/kakao-pipeline.py
[2024-08-15T01:41:17.153+0900] {processor.py:830} INFO - Processing file /home/ubuntu/airflow/dags/lecture_practice/kakao-pipeline.py for tasks to queue
[2024-08-15T01:41:17.153+0900] {logging_mixin.py:188} INFO - [2024-08-15T01:41:17.153+0900] {dagbag.py:545} INFO - Filling up the DagBag from /home/ubuntu/airflow/dags/lecture_practice/kakao-pipeline.py
[2024-08-15T01:41:17.384+0900] {processor.py:840} INFO - DAG(s) 'kakao-pipeline' retrieved from /home/ubuntu/airflow/dags/lecture_practice/kakao-pipeline.py
[2024-08-15T01:41:17.394+0900] {logging_mixin.py:188} INFO - [2024-08-15T01:41:17.393+0900] {dag.py:3089} INFO - Sync 1 DAGs
[2024-08-15T01:41:17.406+0900] {logging_mixin.py:188} INFO - [2024-08-15T01:41:17.406+0900] {dag.py:3947} INFO - Setting next_dagrun for kakao-pipeline to 2024-08-14 00:00:00+00:00, run_after=2024-08-15 00:00:00+00:00
[2024-08-15T01:41:17.422+0900] {processor.py:183} INFO - Processing /home/ubuntu/airflow/dags/lecture_practice/kakao-pipeline.py took 0.276 seconds
[2024-08-15T01:41:51.222+0900] {processor.py:161} INFO - Started process (PID=50420) to work on /home/ubuntu/airflow/dags/lecture_practice/kakao-pipeline.py
[2024-08-15T01:41:51.223+0900] {processor.py:830} INFO - Processing file /home/ubuntu/airflow/dags/lecture_practice/kakao-pipeline.py for tasks to queue
[2024-08-15T01:41:51.223+0900] {logging_mixin.py:188} INFO - [2024-08-15T01:41:51.223+0900] {dagbag.py:545} INFO - Filling up the DagBag from /home/ubuntu/airflow/dags/lecture_practice/kakao-pipeline.py
[2024-08-15T01:41:51.464+0900] {processor.py:840} INFO - DAG(s) 'kakao-pipeline' retrieved from /home/ubuntu/airflow/dags/lecture_practice/kakao-pipeline.py
[2024-08-15T01:41:51.476+0900] {logging_mixin.py:188} INFO - [2024-08-15T01:41:51.476+0900] {dag.py:3089} INFO - Sync 1 DAGs
[2024-08-15T01:41:51.488+0900] {logging_mixin.py:188} INFO - [2024-08-15T01:41:51.488+0900] {dag.py:3947} INFO - Setting next_dagrun for kakao-pipeline to 2024-08-14 00:00:00+00:00, run_after=2024-08-15 00:00:00+00:00
[2024-08-15T01:41:51.507+0900] {processor.py:183} INFO - Processing /home/ubuntu/airflow/dags/lecture_practice/kakao-pipeline.py took 0.290 seconds
[2024-08-15T01:42:51.152+0900] {processor.py:161} INFO - Started process (PID=50516) to work on /home/ubuntu/airflow/dags/lecture_practice/kakao-pipeline.py
[2024-08-15T01:42:51.163+0900] {processor.py:830} INFO - Processing file /home/ubuntu/airflow/dags/lecture_practice/kakao-pipeline.py for tasks to queue
[2024-08-15T01:42:51.164+0900] {logging_mixin.py:188} INFO - [2024-08-15T01:42:51.164+0900] {dagbag.py:545} INFO - Filling up the DagBag from /home/ubuntu/airflow/dags/lecture_practice/kakao-pipeline.py
[2024-08-15T01:42:51.393+0900] {processor.py:840} INFO - DAG(s) 'kakao-pipeline' retrieved from /home/ubuntu/airflow/dags/lecture_practice/kakao-pipeline.py
[2024-08-15T01:42:51.404+0900] {logging_mixin.py:188} INFO - [2024-08-15T01:42:51.404+0900] {dag.py:3089} INFO - Sync 1 DAGs
[2024-08-15T01:42:51.416+0900] {logging_mixin.py:188} INFO - [2024-08-15T01:42:51.416+0900] {dag.py:3947} INFO - Setting next_dagrun for kakao-pipeline to 2024-08-14 00:00:00+00:00, run_after=2024-08-15 00:00:00+00:00
[2024-08-15T01:42:51.436+0900] {processor.py:183} INFO - Processing /home/ubuntu/airflow/dags/lecture_practice/kakao-pipeline.py took 0.288 seconds
[2024-08-15T01:43:51.727+0900] {processor.py:161} INFO - Started process (PID=50604) to work on /home/ubuntu/airflow/dags/lecture_practice/kakao-pipeline.py
[2024-08-15T01:43:51.729+0900] {processor.py:830} INFO - Processing file /home/ubuntu/airflow/dags/lecture_practice/kakao-pipeline.py for tasks to queue
[2024-08-15T01:43:51.729+0900] {logging_mixin.py:188} INFO - [2024-08-15T01:43:51.729+0900] {dagbag.py:545} INFO - Filling up the DagBag from /home/ubuntu/airflow/dags/lecture_practice/kakao-pipeline.py
[2024-08-15T01:43:51.959+0900] {processor.py:840} INFO - DAG(s) 'kakao-pipeline' retrieved from /home/ubuntu/airflow/dags/lecture_practice/kakao-pipeline.py
[2024-08-15T01:43:51.969+0900] {logging_mixin.py:188} INFO - [2024-08-15T01:43:51.969+0900] {dag.py:3089} INFO - Sync 1 DAGs
[2024-08-15T01:43:51.981+0900] {logging_mixin.py:188} INFO - [2024-08-15T01:43:51.981+0900] {dag.py:3947} INFO - Setting next_dagrun for kakao-pipeline to 2024-08-14 00:00:00+00:00, run_after=2024-08-15 00:00:00+00:00
[2024-08-15T01:43:52.010+0900] {processor.py:183} INFO - Processing /home/ubuntu/airflow/dags/lecture_practice/kakao-pipeline.py took 0.287 seconds
[2024-08-15T01:44:24.909+0900] {processor.py:161} INFO - Started process (PID=50660) to work on /home/ubuntu/airflow/dags/lecture_practice/kakao-pipeline.py
[2024-08-15T01:44:24.911+0900] {processor.py:830} INFO - Processing file /home/ubuntu/airflow/dags/lecture_practice/kakao-pipeline.py for tasks to queue
[2024-08-15T01:44:24.912+0900] {logging_mixin.py:188} INFO - [2024-08-15T01:44:24.911+0900] {dagbag.py:545} INFO - Filling up the DagBag from /home/ubuntu/airflow/dags/lecture_practice/kakao-pipeline.py
[2024-08-15T01:44:25.175+0900] {processor.py:840} INFO - DAG(s) 'kakao-pipeline' retrieved from /home/ubuntu/airflow/dags/lecture_practice/kakao-pipeline.py
[2024-08-15T01:44:25.186+0900] {logging_mixin.py:188} INFO - [2024-08-15T01:44:25.186+0900] {dag.py:3089} INFO - Sync 1 DAGs
[2024-08-15T01:44:25.202+0900] {logging_mixin.py:188} INFO - [2024-08-15T01:44:25.202+0900] {dag.py:3947} INFO - Setting next_dagrun for kakao-pipeline to 2024-08-14 00:00:00+00:00, run_after=2024-08-15 00:00:00+00:00
[2024-08-15T01:44:25.219+0900] {processor.py:183} INFO - Processing /home/ubuntu/airflow/dags/lecture_practice/kakao-pipeline.py took 0.315 seconds
[2024-08-15T01:44:56.577+0900] {processor.py:161} INFO - Started process (PID=50752) to work on /home/ubuntu/airflow/dags/lecture_practice/kakao-pipeline.py
[2024-08-15T01:44:56.579+0900] {processor.py:830} INFO - Processing file /home/ubuntu/airflow/dags/lecture_practice/kakao-pipeline.py for tasks to queue
[2024-08-15T01:44:56.579+0900] {logging_mixin.py:188} INFO - [2024-08-15T01:44:56.579+0900] {dagbag.py:545} INFO - Filling up the DagBag from /home/ubuntu/airflow/dags/lecture_practice/kakao-pipeline.py
[2024-08-15T01:44:56.806+0900] {processor.py:840} INFO - DAG(s) 'kakao-pipeline' retrieved from /home/ubuntu/airflow/dags/lecture_practice/kakao-pipeline.py
[2024-08-15T01:44:56.818+0900] {logging_mixin.py:188} INFO - [2024-08-15T01:44:56.818+0900] {dag.py:3089} INFO - Sync 1 DAGs
[2024-08-15T01:44:56.829+0900] {logging_mixin.py:188} INFO - [2024-08-15T01:44:56.829+0900] {dag.py:3947} INFO - Setting next_dagrun for kakao-pipeline to 2024-08-14 00:00:00+00:00, run_after=2024-08-15 00:00:00+00:00
[2024-08-15T01:44:56.861+0900] {processor.py:183} INFO - Processing /home/ubuntu/airflow/dags/lecture_practice/kakao-pipeline.py took 0.288 seconds
[2024-08-15T01:45:29.489+0900] {processor.py:161} INFO - Started process (PID=50806) to work on /home/ubuntu/airflow/dags/lecture_practice/kakao-pipeline.py
[2024-08-15T01:45:29.501+0900] {processor.py:830} INFO - Processing file /home/ubuntu/airflow/dags/lecture_practice/kakao-pipeline.py for tasks to queue
[2024-08-15T01:45:29.502+0900] {logging_mixin.py:188} INFO - [2024-08-15T01:45:29.502+0900] {dagbag.py:545} INFO - Filling up the DagBag from /home/ubuntu/airflow/dags/lecture_practice/kakao-pipeline.py
[2024-08-15T01:45:29.737+0900] {processor.py:840} INFO - DAG(s) 'kakao-pipeline' retrieved from /home/ubuntu/airflow/dags/lecture_practice/kakao-pipeline.py
[2024-08-15T01:45:29.747+0900] {logging_mixin.py:188} INFO - [2024-08-15T01:45:29.747+0900] {dag.py:3089} INFO - Sync 1 DAGs
[2024-08-15T01:45:29.758+0900] {logging_mixin.py:188} INFO - [2024-08-15T01:45:29.758+0900] {dag.py:3947} INFO - Setting next_dagrun for kakao-pipeline to 2024-08-14 00:00:00+00:00, run_after=2024-08-15 00:00:00+00:00
[2024-08-15T01:45:29.786+0900] {processor.py:183} INFO - Processing /home/ubuntu/airflow/dags/lecture_practice/kakao-pipeline.py took 0.302 seconds
[2024-08-15T01:46:29.425+0900] {processor.py:161} INFO - Started process (PID=50898) to work on /home/ubuntu/airflow/dags/lecture_practice/kakao-pipeline.py
[2024-08-15T01:46:29.426+0900] {processor.py:830} INFO - Processing file /home/ubuntu/airflow/dags/lecture_practice/kakao-pipeline.py for tasks to queue
[2024-08-15T01:46:29.426+0900] {logging_mixin.py:188} INFO - [2024-08-15T01:46:29.426+0900] {dagbag.py:545} INFO - Filling up the DagBag from /home/ubuntu/airflow/dags/lecture_practice/kakao-pipeline.py
[2024-08-15T01:46:29.666+0900] {processor.py:840} INFO - DAG(s) 'kakao-pipeline' retrieved from /home/ubuntu/airflow/dags/lecture_practice/kakao-pipeline.py
[2024-08-15T01:46:29.676+0900] {logging_mixin.py:188} INFO - [2024-08-15T01:46:29.676+0900] {dag.py:3089} INFO - Sync 1 DAGs
[2024-08-15T01:46:29.688+0900] {logging_mixin.py:188} INFO - [2024-08-15T01:46:29.688+0900] {dag.py:3947} INFO - Setting next_dagrun for kakao-pipeline to 2024-08-14 00:00:00+00:00, run_after=2024-08-15 00:00:00+00:00
[2024-08-15T01:46:29.707+0900] {processor.py:183} INFO - Processing /home/ubuntu/airflow/dags/lecture_practice/kakao-pipeline.py took 0.287 seconds
[2024-08-15T01:47:03.433+0900] {processor.py:161} INFO - Started process (PID=50947) to work on /home/ubuntu/airflow/dags/lecture_practice/kakao-pipeline.py
[2024-08-15T01:47:03.434+0900] {processor.py:830} INFO - Processing file /home/ubuntu/airflow/dags/lecture_practice/kakao-pipeline.py for tasks to queue
[2024-08-15T01:47:03.435+0900] {logging_mixin.py:188} INFO - [2024-08-15T01:47:03.435+0900] {dagbag.py:545} INFO - Filling up the DagBag from /home/ubuntu/airflow/dags/lecture_practice/kakao-pipeline.py
[2024-08-15T01:47:03.679+0900] {processor.py:840} INFO - DAG(s) 'kakao-pipeline' retrieved from /home/ubuntu/airflow/dags/lecture_practice/kakao-pipeline.py
[2024-08-15T01:47:03.693+0900] {logging_mixin.py:188} INFO - [2024-08-15T01:47:03.693+0900] {dag.py:3089} INFO - Sync 1 DAGs
[2024-08-15T01:47:03.706+0900] {logging_mixin.py:188} INFO - [2024-08-15T01:47:03.705+0900] {dag.py:3947} INFO - Setting next_dagrun for kakao-pipeline to 2024-08-14 00:00:00+00:00, run_after=2024-08-15 00:00:00+00:00
[2024-08-15T01:47:03.737+0900] {processor.py:183} INFO - Processing /home/ubuntu/airflow/dags/lecture_practice/kakao-pipeline.py took 0.309 seconds
[2024-08-15T01:47:37.979+0900] {processor.py:161} INFO - Started process (PID=51044) to work on /home/ubuntu/airflow/dags/lecture_practice/kakao-pipeline.py
[2024-08-15T01:47:37.991+0900] {processor.py:830} INFO - Processing file /home/ubuntu/airflow/dags/lecture_practice/kakao-pipeline.py for tasks to queue
[2024-08-15T01:47:37.991+0900] {logging_mixin.py:188} INFO - [2024-08-15T01:47:37.991+0900] {dagbag.py:545} INFO - Filling up the DagBag from /home/ubuntu/airflow/dags/lecture_practice/kakao-pipeline.py
[2024-08-15T01:47:38.224+0900] {processor.py:840} INFO - DAG(s) 'kakao-pipeline' retrieved from /home/ubuntu/airflow/dags/lecture_practice/kakao-pipeline.py
[2024-08-15T01:47:38.234+0900] {logging_mixin.py:188} INFO - [2024-08-15T01:47:38.234+0900] {dag.py:3089} INFO - Sync 1 DAGs
[2024-08-15T01:47:38.246+0900] {logging_mixin.py:188} INFO - [2024-08-15T01:47:38.246+0900] {dag.py:3947} INFO - Setting next_dagrun for kakao-pipeline to 2024-08-14 00:00:00+00:00, run_after=2024-08-15 00:00:00+00:00
[2024-08-15T01:47:38.276+0900] {processor.py:183} INFO - Processing /home/ubuntu/airflow/dags/lecture_practice/kakao-pipeline.py took 0.301 seconds
[2024-08-15T01:48:12.507+0900] {processor.py:161} INFO - Started process (PID=51099) to work on /home/ubuntu/airflow/dags/lecture_practice/kakao-pipeline.py
[2024-08-15T01:48:12.508+0900] {processor.py:830} INFO - Processing file /home/ubuntu/airflow/dags/lecture_practice/kakao-pipeline.py for tasks to queue
[2024-08-15T01:48:12.509+0900] {logging_mixin.py:188} INFO - [2024-08-15T01:48:12.508+0900] {dagbag.py:545} INFO - Filling up the DagBag from /home/ubuntu/airflow/dags/lecture_practice/kakao-pipeline.py
[2024-08-15T01:48:12.738+0900] {processor.py:840} INFO - DAG(s) 'kakao-pipeline' retrieved from /home/ubuntu/airflow/dags/lecture_practice/kakao-pipeline.py
[2024-08-15T01:48:12.749+0900] {logging_mixin.py:188} INFO - [2024-08-15T01:48:12.749+0900] {dag.py:3089} INFO - Sync 1 DAGs
[2024-08-15T01:48:12.760+0900] {logging_mixin.py:188} INFO - [2024-08-15T01:48:12.760+0900] {dag.py:3947} INFO - Setting next_dagrun for kakao-pipeline to 2024-08-14 00:00:00+00:00, run_after=2024-08-15 00:00:00+00:00
[2024-08-15T01:48:12.790+0900] {processor.py:183} INFO - Processing /home/ubuntu/airflow/dags/lecture_practice/kakao-pipeline.py took 0.287 seconds
[2024-08-15T02:17:26.848+0900] {processor.py:161} INFO - Started process (PID=51265) to work on /home/ubuntu/airflow/dags/lecture_practice/kakao-pipeline.py
[2024-08-15T02:17:26.850+0900] {processor.py:830} INFO - Processing file /home/ubuntu/airflow/dags/lecture_practice/kakao-pipeline.py for tasks to queue
[2024-08-15T02:17:26.851+0900] {logging_mixin.py:188} INFO - [2024-08-15T02:17:26.850+0900] {dagbag.py:545} INFO - Filling up the DagBag from /home/ubuntu/airflow/dags/lecture_practice/kakao-pipeline.py
[2024-08-15T02:17:27.103+0900] {processor.py:840} INFO - DAG(s) 'kakao-pipeline' retrieved from /home/ubuntu/airflow/dags/lecture_practice/kakao-pipeline.py
[2024-08-15T02:17:27.116+0900] {logging_mixin.py:188} INFO - [2024-08-15T02:17:27.116+0900] {dag.py:3089} INFO - Sync 1 DAGs
[2024-08-15T02:17:27.129+0900] {logging_mixin.py:188} INFO - [2024-08-15T02:17:27.128+0900] {dag.py:3947} INFO - Setting next_dagrun for kakao-pipeline to 2024-08-14 00:00:00+00:00, run_after=2024-08-15 00:00:00+00:00
[2024-08-15T02:17:27.145+0900] {processor.py:183} INFO - Processing /home/ubuntu/airflow/dags/lecture_practice/kakao-pipeline.py took 0.302 seconds
[2024-08-15T02:18:29.652+0900] {processor.py:161} INFO - Started process (PID=51413) to work on /home/ubuntu/airflow/dags/lecture_practice/kakao-pipeline.py
[2024-08-15T02:18:29.654+0900] {processor.py:830} INFO - Processing file /home/ubuntu/airflow/dags/lecture_practice/kakao-pipeline.py for tasks to queue
[2024-08-15T02:18:29.654+0900] {logging_mixin.py:188} INFO - [2024-08-15T02:18:29.654+0900] {dagbag.py:545} INFO - Filling up the DagBag from /home/ubuntu/airflow/dags/lecture_practice/kakao-pipeline.py
[2024-08-15T02:18:29.893+0900] {processor.py:840} INFO - DAG(s) 'kakao-pipeline' retrieved from /home/ubuntu/airflow/dags/lecture_practice/kakao-pipeline.py
[2024-08-15T02:18:29.903+0900] {logging_mixin.py:188} INFO - [2024-08-15T02:18:29.903+0900] {dag.py:3089} INFO - Sync 1 DAGs
[2024-08-15T02:18:29.915+0900] {logging_mixin.py:188} INFO - [2024-08-15T02:18:29.915+0900] {dag.py:3947} INFO - Setting next_dagrun for kakao-pipeline to 2024-08-14 00:00:00+00:00, run_after=2024-08-15 00:00:00+00:00
[2024-08-15T02:18:29.933+0900] {processor.py:183} INFO - Processing /home/ubuntu/airflow/dags/lecture_practice/kakao-pipeline.py took 0.286 seconds
