[2024-08-15T01:33:44.508+0900] {processor.py:161} INFO - Started process (PID=49687) to work on /home/ubuntu/airflow/dags/lecture_practice/soup-pipeline.py
[2024-08-15T01:33:44.508+0900] {processor.py:830} INFO - Processing file /home/ubuntu/airflow/dags/lecture_practice/soup-pipeline.py for tasks to queue
[2024-08-15T01:33:44.509+0900] {logging_mixin.py:188} INFO - [2024-08-15T01:33:44.509+0900] {dagbag.py:545} INFO - Filling up the DagBag from /home/ubuntu/airflow/dags/lecture_practice/soup-pipeline.py
[2024-08-15T01:33:44.512+0900] {logging_mixin.py:188} INFO - [2024-08-15T01:33:44.512+0900] {dagbag.py:355} ERROR - Failed to import: /home/ubuntu/airflow/dags/lecture_practice/soup-pipeline.py
Traceback (most recent call last):
  File "/home/ubuntu/miniconda3/envs/airflow-env/lib/python3.8/site-packages/airflow/models/dagbag.py", line 351, in parse
    loader.exec_module(new_module)
  File "<frozen importlib._bootstrap_external>", line 843, in exec_module
  File "<frozen importlib._bootstrap>", line 219, in _call_with_frames_removed
  File "/home/ubuntu/airflow/dags/lecture_practice/soup-pipeline.py", line 5, in <module>
    from naver_scraper.naver_example import get_naver_finance
ModuleNotFoundError: No module named 'naver_scraper'
[2024-08-15T01:33:44.512+0900] {processor.py:842} WARNING - No viable dags retrieved from /home/ubuntu/airflow/dags/lecture_practice/soup-pipeline.py
[2024-08-15T01:33:44.530+0900] {processor.py:183} INFO - Processing /home/ubuntu/airflow/dags/lecture_practice/soup-pipeline.py took 0.027 seconds
[2024-08-15T01:34:49.159+0900] {processor.py:161} INFO - Started process (PID=49775) to work on /home/ubuntu/airflow/dags/lecture_practice/soup-pipeline.py
[2024-08-15T01:34:49.161+0900] {processor.py:830} INFO - Processing file /home/ubuntu/airflow/dags/lecture_practice/soup-pipeline.py for tasks to queue
[2024-08-15T01:34:49.162+0900] {logging_mixin.py:188} INFO - [2024-08-15T01:34:49.162+0900] {dagbag.py:545} INFO - Filling up the DagBag from /home/ubuntu/airflow/dags/lecture_practice/soup-pipeline.py
[2024-08-15T01:34:49.165+0900] {logging_mixin.py:188} INFO - [2024-08-15T01:34:49.165+0900] {dagbag.py:355} ERROR - Failed to import: /home/ubuntu/airflow/dags/lecture_practice/soup-pipeline.py
Traceback (most recent call last):
  File "/home/ubuntu/miniconda3/envs/airflow-env/lib/python3.8/site-packages/airflow/models/dagbag.py", line 351, in parse
    loader.exec_module(new_module)
  File "<frozen importlib._bootstrap_external>", line 843, in exec_module
  File "<frozen importlib._bootstrap>", line 219, in _call_with_frames_removed
  File "/home/ubuntu/airflow/dags/lecture_practice/soup-pipeline.py", line 5, in <module>
    from naver_scraper.naver_example import get_naver_finance
ModuleNotFoundError: No module named 'naver_scraper'
[2024-08-15T01:34:49.166+0900] {processor.py:842} WARNING - No viable dags retrieved from /home/ubuntu/airflow/dags/lecture_practice/soup-pipeline.py
[2024-08-15T01:34:49.189+0900] {processor.py:183} INFO - Processing /home/ubuntu/airflow/dags/lecture_practice/soup-pipeline.py took 0.036 seconds
[2024-08-15T01:35:24.642+0900] {processor.py:161} INFO - Started process (PID=49834) to work on /home/ubuntu/airflow/dags/lecture_practice/soup-pipeline.py
[2024-08-15T01:35:24.643+0900] {processor.py:830} INFO - Processing file /home/ubuntu/airflow/dags/lecture_practice/soup-pipeline.py for tasks to queue
[2024-08-15T01:35:24.644+0900] {logging_mixin.py:188} INFO - [2024-08-15T01:35:24.644+0900] {dagbag.py:545} INFO - Filling up the DagBag from /home/ubuntu/airflow/dags/lecture_practice/soup-pipeline.py
[2024-08-15T01:35:24.646+0900] {logging_mixin.py:188} INFO - [2024-08-15T01:35:24.646+0900] {dagbag.py:355} ERROR - Failed to import: /home/ubuntu/airflow/dags/lecture_practice/soup-pipeline.py
Traceback (most recent call last):
  File "/home/ubuntu/miniconda3/envs/airflow-env/lib/python3.8/site-packages/airflow/models/dagbag.py", line 351, in parse
    loader.exec_module(new_module)
  File "<frozen importlib._bootstrap_external>", line 843, in exec_module
  File "<frozen importlib._bootstrap>", line 219, in _call_with_frames_removed
  File "/home/ubuntu/airflow/dags/lecture_practice/soup-pipeline.py", line 5, in <module>
    from naver_scraper.naver_example import get_naver_finance
ModuleNotFoundError: No module named 'naver_scraper'
[2024-08-15T01:35:24.647+0900] {processor.py:842} WARNING - No viable dags retrieved from /home/ubuntu/airflow/dags/lecture_practice/soup-pipeline.py
[2024-08-15T01:35:24.665+0900] {processor.py:183} INFO - Processing /home/ubuntu/airflow/dags/lecture_practice/soup-pipeline.py took 0.028 seconds
[2024-08-15T01:35:55.799+0900] {processor.py:161} INFO - Started process (PID=49884) to work on /home/ubuntu/airflow/dags/lecture_practice/soup-pipeline.py
[2024-08-15T01:35:55.800+0900] {processor.py:830} INFO - Processing file /home/ubuntu/airflow/dags/lecture_practice/soup-pipeline.py for tasks to queue
[2024-08-15T01:35:55.801+0900] {logging_mixin.py:188} INFO - [2024-08-15T01:35:55.801+0900] {dagbag.py:545} INFO - Filling up the DagBag from /home/ubuntu/airflow/dags/lecture_practice/soup-pipeline.py
[2024-08-15T01:35:55.803+0900] {logging_mixin.py:188} INFO - [2024-08-15T01:35:55.803+0900] {dagbag.py:355} ERROR - Failed to import: /home/ubuntu/airflow/dags/lecture_practice/soup-pipeline.py
Traceback (most recent call last):
  File "/home/ubuntu/miniconda3/envs/airflow-env/lib/python3.8/site-packages/airflow/models/dagbag.py", line 351, in parse
    loader.exec_module(new_module)
  File "<frozen importlib._bootstrap_external>", line 843, in exec_module
  File "<frozen importlib._bootstrap>", line 219, in _call_with_frames_removed
  File "/home/ubuntu/airflow/dags/lecture_practice/soup-pipeline.py", line 5, in <module>
    from naver_scraper.naver_example import get_naver_finance
ModuleNotFoundError: No module named 'naver_scraper'
[2024-08-15T01:35:55.803+0900] {processor.py:842} WARNING - No viable dags retrieved from /home/ubuntu/airflow/dags/lecture_practice/soup-pipeline.py
[2024-08-15T01:35:55.821+0900] {processor.py:183} INFO - Processing /home/ubuntu/airflow/dags/lecture_practice/soup-pipeline.py took 0.027 seconds
[2024-08-15T01:36:56.534+0900] {processor.py:161} INFO - Started process (PID=49972) to work on /home/ubuntu/airflow/dags/lecture_practice/soup-pipeline.py
[2024-08-15T01:36:56.535+0900] {processor.py:830} INFO - Processing file /home/ubuntu/airflow/dags/lecture_practice/soup-pipeline.py for tasks to queue
[2024-08-15T01:36:56.536+0900] {logging_mixin.py:188} INFO - [2024-08-15T01:36:56.536+0900] {dagbag.py:545} INFO - Filling up the DagBag from /home/ubuntu/airflow/dags/lecture_practice/soup-pipeline.py
[2024-08-15T01:36:56.538+0900] {logging_mixin.py:188} INFO - [2024-08-15T01:36:56.538+0900] {dagbag.py:355} ERROR - Failed to import: /home/ubuntu/airflow/dags/lecture_practice/soup-pipeline.py
Traceback (most recent call last):
  File "/home/ubuntu/miniconda3/envs/airflow-env/lib/python3.8/site-packages/airflow/models/dagbag.py", line 351, in parse
    loader.exec_module(new_module)
  File "<frozen importlib._bootstrap_external>", line 843, in exec_module
  File "<frozen importlib._bootstrap>", line 219, in _call_with_frames_removed
  File "/home/ubuntu/airflow/dags/lecture_practice/soup-pipeline.py", line 5, in <module>
    from naver_scraper.naver_example import get_naver_finance
ModuleNotFoundError: No module named 'naver_scraper'
[2024-08-15T01:36:56.539+0900] {processor.py:842} WARNING - No viable dags retrieved from /home/ubuntu/airflow/dags/lecture_practice/soup-pipeline.py
[2024-08-15T01:36:56.558+0900] {processor.py:183} INFO - Processing /home/ubuntu/airflow/dags/lecture_practice/soup-pipeline.py took 0.028 seconds
[2024-08-15T01:37:31.904+0900] {processor.py:161} INFO - Started process (PID=50012) to work on /home/ubuntu/airflow/dags/lecture_practice/soup-pipeline.py
[2024-08-15T01:37:31.905+0900] {processor.py:830} INFO - Processing file /home/ubuntu/airflow/dags/lecture_practice/soup-pipeline.py for tasks to queue
[2024-08-15T01:37:31.906+0900] {logging_mixin.py:188} INFO - [2024-08-15T01:37:31.906+0900] {dagbag.py:545} INFO - Filling up the DagBag from /home/ubuntu/airflow/dags/lecture_practice/soup-pipeline.py
[2024-08-15T01:37:31.909+0900] {logging_mixin.py:188} INFO - [2024-08-15T01:37:31.908+0900] {dagbag.py:355} ERROR - Failed to import: /home/ubuntu/airflow/dags/lecture_practice/soup-pipeline.py
Traceback (most recent call last):
  File "/home/ubuntu/miniconda3/envs/airflow-env/lib/python3.8/site-packages/airflow/models/dagbag.py", line 351, in parse
    loader.exec_module(new_module)
  File "<frozen importlib._bootstrap_external>", line 843, in exec_module
  File "<frozen importlib._bootstrap>", line 219, in _call_with_frames_removed
  File "/home/ubuntu/airflow/dags/lecture_practice/soup-pipeline.py", line 5, in <module>
    from naver_scraper.naver_example import get_naver_finance
ModuleNotFoundError: No module named 'naver_scraper'
[2024-08-15T01:37:31.909+0900] {processor.py:842} WARNING - No viable dags retrieved from /home/ubuntu/airflow/dags/lecture_practice/soup-pipeline.py
[2024-08-15T01:37:31.927+0900] {processor.py:183} INFO - Processing /home/ubuntu/airflow/dags/lecture_practice/soup-pipeline.py took 0.028 seconds
[2024-08-15T01:38:08.497+0900] {processor.py:161} INFO - Started process (PID=50076) to work on /home/ubuntu/airflow/dags/lecture_practice/soup-pipeline.py
[2024-08-15T01:38:08.498+0900] {processor.py:830} INFO - Processing file /home/ubuntu/airflow/dags/lecture_practice/soup-pipeline.py for tasks to queue
[2024-08-15T01:38:08.498+0900] {logging_mixin.py:188} INFO - [2024-08-15T01:38:08.498+0900] {dagbag.py:545} INFO - Filling up the DagBag from /home/ubuntu/airflow/dags/lecture_practice/soup-pipeline.py
[2024-08-15T01:38:08.501+0900] {logging_mixin.py:188} INFO - [2024-08-15T01:38:08.500+0900] {dagbag.py:355} ERROR - Failed to import: /home/ubuntu/airflow/dags/lecture_practice/soup-pipeline.py
Traceback (most recent call last):
  File "/home/ubuntu/miniconda3/envs/airflow-env/lib/python3.8/site-packages/airflow/models/dagbag.py", line 351, in parse
    loader.exec_module(new_module)
  File "<frozen importlib._bootstrap_external>", line 843, in exec_module
  File "<frozen importlib._bootstrap>", line 219, in _call_with_frames_removed
  File "/home/ubuntu/airflow/dags/lecture_practice/soup-pipeline.py", line 5, in <module>
    from naver_scraper.naver_example import get_naver_finance
ModuleNotFoundError: No module named 'naver_scraper'
[2024-08-15T01:38:08.501+0900] {processor.py:842} WARNING - No viable dags retrieved from /home/ubuntu/airflow/dags/lecture_practice/soup-pipeline.py
[2024-08-15T01:38:08.518+0900] {processor.py:183} INFO - Processing /home/ubuntu/airflow/dags/lecture_practice/soup-pipeline.py took 0.026 seconds
[2024-08-15T01:38:41.552+0900] {processor.py:161} INFO - Started process (PID=50127) to work on /home/ubuntu/airflow/dags/lecture_practice/soup-pipeline.py
[2024-08-15T01:38:41.554+0900] {processor.py:830} INFO - Processing file /home/ubuntu/airflow/dags/lecture_practice/soup-pipeline.py for tasks to queue
[2024-08-15T01:38:41.555+0900] {logging_mixin.py:188} INFO - [2024-08-15T01:38:41.554+0900] {dagbag.py:545} INFO - Filling up the DagBag from /home/ubuntu/airflow/dags/lecture_practice/soup-pipeline.py
[2024-08-15T01:38:41.557+0900] {logging_mixin.py:188} INFO - [2024-08-15T01:38:41.556+0900] {dagbag.py:355} ERROR - Failed to import: /home/ubuntu/airflow/dags/lecture_practice/soup-pipeline.py
Traceback (most recent call last):
  File "/home/ubuntu/miniconda3/envs/airflow-env/lib/python3.8/site-packages/airflow/models/dagbag.py", line 351, in parse
    loader.exec_module(new_module)
  File "<frozen importlib._bootstrap_external>", line 843, in exec_module
  File "<frozen importlib._bootstrap>", line 219, in _call_with_frames_removed
  File "/home/ubuntu/airflow/dags/lecture_practice/soup-pipeline.py", line 5, in <module>
    from naver_scraper.naver_example import get_naver_finance
ModuleNotFoundError: No module named 'naver_scraper'
[2024-08-15T01:38:41.557+0900] {processor.py:842} WARNING - No viable dags retrieved from /home/ubuntu/airflow/dags/lecture_practice/soup-pipeline.py
[2024-08-15T01:38:41.589+0900] {processor.py:183} INFO - Processing /home/ubuntu/airflow/dags/lecture_practice/soup-pipeline.py took 0.041 seconds
[2024-08-15T01:39:43.055+0900] {processor.py:161} INFO - Started process (PID=50223) to work on /home/ubuntu/airflow/dags/lecture_practice/soup-pipeline.py
[2024-08-15T01:39:43.066+0900] {processor.py:830} INFO - Processing file /home/ubuntu/airflow/dags/lecture_practice/soup-pipeline.py for tasks to queue
[2024-08-15T01:39:43.067+0900] {logging_mixin.py:188} INFO - [2024-08-15T01:39:43.067+0900] {dagbag.py:545} INFO - Filling up the DagBag from /home/ubuntu/airflow/dags/lecture_practice/soup-pipeline.py
[2024-08-15T01:39:43.069+0900] {logging_mixin.py:188} INFO - [2024-08-15T01:39:43.069+0900] {dagbag.py:355} ERROR - Failed to import: /home/ubuntu/airflow/dags/lecture_practice/soup-pipeline.py
Traceback (most recent call last):
  File "/home/ubuntu/miniconda3/envs/airflow-env/lib/python3.8/site-packages/airflow/models/dagbag.py", line 351, in parse
    loader.exec_module(new_module)
  File "<frozen importlib._bootstrap_external>", line 843, in exec_module
  File "<frozen importlib._bootstrap>", line 219, in _call_with_frames_removed
  File "/home/ubuntu/airflow/dags/lecture_practice/soup-pipeline.py", line 5, in <module>
    from naver_scraper.naver_example import get_naver_finance
ModuleNotFoundError: No module named 'naver_scraper'
[2024-08-15T01:39:43.069+0900] {processor.py:842} WARNING - No viable dags retrieved from /home/ubuntu/airflow/dags/lecture_practice/soup-pipeline.py
[2024-08-15T01:39:43.088+0900] {processor.py:183} INFO - Processing /home/ubuntu/airflow/dags/lecture_practice/soup-pipeline.py took 0.038 seconds
[2024-08-15T01:40:46.013+0900] {processor.py:161} INFO - Started process (PID=50321) to work on /home/ubuntu/airflow/dags/lecture_practice/soup-pipeline.py
[2024-08-15T01:40:46.014+0900] {processor.py:830} INFO - Processing file /home/ubuntu/airflow/dags/lecture_practice/soup-pipeline.py for tasks to queue
[2024-08-15T01:40:46.015+0900] {logging_mixin.py:188} INFO - [2024-08-15T01:40:46.014+0900] {dagbag.py:545} INFO - Filling up the DagBag from /home/ubuntu/airflow/dags/lecture_practice/soup-pipeline.py
[2024-08-15T01:40:46.017+0900] {logging_mixin.py:188} INFO - [2024-08-15T01:40:46.017+0900] {dagbag.py:355} ERROR - Failed to import: /home/ubuntu/airflow/dags/lecture_practice/soup-pipeline.py
Traceback (most recent call last):
  File "/home/ubuntu/miniconda3/envs/airflow-env/lib/python3.8/site-packages/airflow/models/dagbag.py", line 351, in parse
    loader.exec_module(new_module)
  File "<frozen importlib._bootstrap_external>", line 843, in exec_module
  File "<frozen importlib._bootstrap>", line 219, in _call_with_frames_removed
  File "/home/ubuntu/airflow/dags/lecture_practice/soup-pipeline.py", line 5, in <module>
    from naver_scraper.naver_example import get_naver_finance
ModuleNotFoundError: No module named 'naver_scraper'
[2024-08-15T01:40:46.017+0900] {processor.py:842} WARNING - No viable dags retrieved from /home/ubuntu/airflow/dags/lecture_practice/soup-pipeline.py
[2024-08-15T01:40:46.036+0900] {processor.py:183} INFO - Processing /home/ubuntu/airflow/dags/lecture_practice/soup-pipeline.py took 0.028 seconds
[2024-08-15T01:41:51.740+0900] {processor.py:161} INFO - Started process (PID=50424) to work on /home/ubuntu/airflow/dags/lecture_practice/soup-pipeline.py
[2024-08-15T01:41:51.741+0900] {processor.py:830} INFO - Processing file /home/ubuntu/airflow/dags/lecture_practice/soup-pipeline.py for tasks to queue
[2024-08-15T01:41:51.742+0900] {logging_mixin.py:188} INFO - [2024-08-15T01:41:51.742+0900] {dagbag.py:545} INFO - Filling up the DagBag from /home/ubuntu/airflow/dags/lecture_practice/soup-pipeline.py
[2024-08-15T01:41:51.744+0900] {logging_mixin.py:188} INFO - [2024-08-15T01:41:51.744+0900] {dagbag.py:355} ERROR - Failed to import: /home/ubuntu/airflow/dags/lecture_practice/soup-pipeline.py
Traceback (most recent call last):
  File "/home/ubuntu/miniconda3/envs/airflow-env/lib/python3.8/site-packages/airflow/models/dagbag.py", line 351, in parse
    loader.exec_module(new_module)
  File "<frozen importlib._bootstrap_external>", line 843, in exec_module
  File "<frozen importlib._bootstrap>", line 219, in _call_with_frames_removed
  File "/home/ubuntu/airflow/dags/lecture_practice/soup-pipeline.py", line 5, in <module>
    from naver_scraper.naver_example import get_naver_finance
ModuleNotFoundError: No module named 'naver_scraper'
[2024-08-15T01:41:51.745+0900] {processor.py:842} WARNING - No viable dags retrieved from /home/ubuntu/airflow/dags/lecture_practice/soup-pipeline.py
[2024-08-15T01:41:51.774+0900] {processor.py:183} INFO - Processing /home/ubuntu/airflow/dags/lecture_practice/soup-pipeline.py took 0.039 seconds
[2024-08-15T01:42:52.195+0900] {processor.py:161} INFO - Started process (PID=50520) to work on /home/ubuntu/airflow/dags/lecture_practice/soup-pipeline.py
[2024-08-15T01:42:52.196+0900] {processor.py:830} INFO - Processing file /home/ubuntu/airflow/dags/lecture_practice/soup-pipeline.py for tasks to queue
[2024-08-15T01:42:52.197+0900] {logging_mixin.py:188} INFO - [2024-08-15T01:42:52.196+0900] {dagbag.py:545} INFO - Filling up the DagBag from /home/ubuntu/airflow/dags/lecture_practice/soup-pipeline.py
[2024-08-15T01:42:52.199+0900] {logging_mixin.py:188} INFO - [2024-08-15T01:42:52.199+0900] {dagbag.py:355} ERROR - Failed to import: /home/ubuntu/airflow/dags/lecture_practice/soup-pipeline.py
Traceback (most recent call last):
  File "/home/ubuntu/miniconda3/envs/airflow-env/lib/python3.8/site-packages/airflow/models/dagbag.py", line 351, in parse
    loader.exec_module(new_module)
  File "<frozen importlib._bootstrap_external>", line 843, in exec_module
  File "<frozen importlib._bootstrap>", line 219, in _call_with_frames_removed
  File "/home/ubuntu/airflow/dags/lecture_practice/soup-pipeline.py", line 5, in <module>
    from naver_scraper.naver_example import get_naver_finance
ModuleNotFoundError: No module named 'naver_scraper'
[2024-08-15T01:42:52.199+0900] {processor.py:842} WARNING - No viable dags retrieved from /home/ubuntu/airflow/dags/lecture_practice/soup-pipeline.py
[2024-08-15T01:42:52.230+0900] {processor.py:183} INFO - Processing /home/ubuntu/airflow/dags/lecture_practice/soup-pipeline.py took 0.040 seconds
[2024-08-15T01:43:53.061+0900] {processor.py:161} INFO - Started process (PID=50609) to work on /home/ubuntu/airflow/dags/lecture_practice/soup-pipeline.py
[2024-08-15T01:43:53.063+0900] {processor.py:830} INFO - Processing file /home/ubuntu/airflow/dags/lecture_practice/soup-pipeline.py for tasks to queue
[2024-08-15T01:43:53.063+0900] {logging_mixin.py:188} INFO - [2024-08-15T01:43:53.063+0900] {dagbag.py:545} INFO - Filling up the DagBag from /home/ubuntu/airflow/dags/lecture_practice/soup-pipeline.py
[2024-08-15T01:43:53.066+0900] {logging_mixin.py:188} INFO - [2024-08-15T01:43:53.065+0900] {dagbag.py:355} ERROR - Failed to import: /home/ubuntu/airflow/dags/lecture_practice/soup-pipeline.py
Traceback (most recent call last):
  File "/home/ubuntu/miniconda3/envs/airflow-env/lib/python3.8/site-packages/airflow/models/dagbag.py", line 351, in parse
    loader.exec_module(new_module)
  File "<frozen importlib._bootstrap_external>", line 843, in exec_module
  File "<frozen importlib._bootstrap>", line 219, in _call_with_frames_removed
  File "/home/ubuntu/airflow/dags/lecture_practice/soup-pipeline.py", line 5, in <module>
    from naver_scraper.naver_example import get_naver_finance
ModuleNotFoundError: No module named 'naver_scraper'
[2024-08-15T01:43:53.066+0900] {processor.py:842} WARNING - No viable dags retrieved from /home/ubuntu/airflow/dags/lecture_practice/soup-pipeline.py
[2024-08-15T01:43:53.097+0900] {processor.py:183} INFO - Processing /home/ubuntu/airflow/dags/lecture_practice/soup-pipeline.py took 0.040 seconds
[2024-08-15T01:44:25.680+0900] {processor.py:161} INFO - Started process (PID=50664) to work on /home/ubuntu/airflow/dags/lecture_practice/soup-pipeline.py
[2024-08-15T01:44:25.682+0900] {processor.py:830} INFO - Processing file /home/ubuntu/airflow/dags/lecture_practice/soup-pipeline.py for tasks to queue
[2024-08-15T01:44:25.683+0900] {logging_mixin.py:188} INFO - [2024-08-15T01:44:25.682+0900] {dagbag.py:545} INFO - Filling up the DagBag from /home/ubuntu/airflow/dags/lecture_practice/soup-pipeline.py
[2024-08-15T01:44:25.686+0900] {logging_mixin.py:188} INFO - [2024-08-15T01:44:25.685+0900] {dagbag.py:355} ERROR - Failed to import: /home/ubuntu/airflow/dags/lecture_practice/soup-pipeline.py
Traceback (most recent call last):
  File "/home/ubuntu/miniconda3/envs/airflow-env/lib/python3.8/site-packages/airflow/models/dagbag.py", line 351, in parse
    loader.exec_module(new_module)
  File "<frozen importlib._bootstrap_external>", line 843, in exec_module
  File "<frozen importlib._bootstrap>", line 219, in _call_with_frames_removed
  File "/home/ubuntu/airflow/dags/lecture_practice/soup-pipeline.py", line 5, in <module>
    from naver_scraper.naver_example import get_naver_finance
ModuleNotFoundError: No module named 'naver_scraper'
[2024-08-15T01:44:25.686+0900] {processor.py:842} WARNING - No viable dags retrieved from /home/ubuntu/airflow/dags/lecture_practice/soup-pipeline.py
[2024-08-15T01:44:25.715+0900] {processor.py:183} INFO - Processing /home/ubuntu/airflow/dags/lecture_practice/soup-pipeline.py took 0.040 seconds
[2024-08-15T01:45:30.933+0900] {processor.py:161} INFO - Started process (PID=50810) to work on /home/ubuntu/airflow/dags/lecture_practice/soup-pipeline.py
[2024-08-15T01:45:30.934+0900] {processor.py:830} INFO - Processing file /home/ubuntu/airflow/dags/lecture_practice/soup-pipeline.py for tasks to queue
[2024-08-15T01:45:30.935+0900] {logging_mixin.py:188} INFO - [2024-08-15T01:45:30.935+0900] {dagbag.py:545} INFO - Filling up the DagBag from /home/ubuntu/airflow/dags/lecture_practice/soup-pipeline.py
[2024-08-15T01:45:30.938+0900] {logging_mixin.py:188} INFO - [2024-08-15T01:45:30.937+0900] {dagbag.py:355} ERROR - Failed to import: /home/ubuntu/airflow/dags/lecture_practice/soup-pipeline.py
Traceback (most recent call last):
  File "/home/ubuntu/miniconda3/envs/airflow-env/lib/python3.8/site-packages/airflow/models/dagbag.py", line 351, in parse
    loader.exec_module(new_module)
  File "<frozen importlib._bootstrap_external>", line 843, in exec_module
  File "<frozen importlib._bootstrap>", line 219, in _call_with_frames_removed
  File "/home/ubuntu/airflow/dags/lecture_practice/soup-pipeline.py", line 5, in <module>
    from naver_scraper.naver_example import get_naver_finance
ModuleNotFoundError: No module named 'naver_scraper'
[2024-08-15T01:45:30.938+0900] {processor.py:842} WARNING - No viable dags retrieved from /home/ubuntu/airflow/dags/lecture_practice/soup-pipeline.py
[2024-08-15T01:45:30.956+0900] {processor.py:183} INFO - Processing /home/ubuntu/airflow/dags/lecture_practice/soup-pipeline.py took 0.028 seconds
[2024-08-15T01:46:26.538+0900] {processor.py:161} INFO - Started process (PID=50887) to work on /home/ubuntu/airflow/dags/lecture_practice/soup-pipeline.py
[2024-08-15T01:46:26.540+0900] {processor.py:830} INFO - Processing file /home/ubuntu/airflow/dags/lecture_practice/soup-pipeline.py for tasks to queue
[2024-08-15T01:46:26.540+0900] {logging_mixin.py:188} INFO - [2024-08-15T01:46:26.540+0900] {dagbag.py:545} INFO - Filling up the DagBag from /home/ubuntu/airflow/dags/lecture_practice/soup-pipeline.py
[2024-08-15T01:46:26.828+0900] {processor.py:840} INFO - DAG(s) 'naver-finance-pipeline' retrieved from /home/ubuntu/airflow/dags/lecture_practice/soup-pipeline.py
[2024-08-15T01:46:26.881+0900] {logging_mixin.py:188} INFO - [2024-08-15T01:46:26.881+0900] {dag.py:3089} INFO - Sync 1 DAGs
[2024-08-15T01:46:26.892+0900] {logging_mixin.py:188} INFO - [2024-08-15T01:46:26.892+0900] {dag.py:3947} INFO - Setting next_dagrun for naver-finance-pipeline to 2024-08-14 16:00:00+00:00, run_after=2024-08-14 17:00:00+00:00
[2024-08-15T01:46:26.991+0900] {processor.py:183} INFO - Processing /home/ubuntu/airflow/dags/lecture_practice/soup-pipeline.py took 0.457 seconds
[2024-08-15T01:47:00.144+0900] {processor.py:161} INFO - Started process (PID=50936) to work on /home/ubuntu/airflow/dags/lecture_practice/soup-pipeline.py
[2024-08-15T01:47:00.146+0900] {processor.py:830} INFO - Processing file /home/ubuntu/airflow/dags/lecture_practice/soup-pipeline.py for tasks to queue
[2024-08-15T01:47:00.147+0900] {logging_mixin.py:188} INFO - [2024-08-15T01:47:00.146+0900] {dagbag.py:545} INFO - Filling up the DagBag from /home/ubuntu/airflow/dags/lecture_practice/soup-pipeline.py
[2024-08-15T01:47:00.472+0900] {processor.py:840} INFO - DAG(s) 'naver-finance-pipeline' retrieved from /home/ubuntu/airflow/dags/lecture_practice/soup-pipeline.py
[2024-08-15T01:47:00.478+0900] {logging_mixin.py:188} INFO - [2024-08-15T01:47:00.478+0900] {dag.py:3089} INFO - Sync 1 DAGs
[2024-08-15T01:47:00.488+0900] {logging_mixin.py:188} INFO - [2024-08-15T01:47:00.488+0900] {dag.py:3947} INFO - Setting next_dagrun for naver-finance-pipeline to 2024-08-14 16:00:00+00:00, run_after=2024-08-14 17:00:00+00:00
[2024-08-15T01:47:00.518+0900] {processor.py:183} INFO - Processing /home/ubuntu/airflow/dags/lecture_practice/soup-pipeline.py took 0.378 seconds
[2024-08-15T01:47:35.662+0900] {processor.py:161} INFO - Started process (PID=51033) to work on /home/ubuntu/airflow/dags/lecture_practice/soup-pipeline.py
[2024-08-15T01:47:35.665+0900] {processor.py:830} INFO - Processing file /home/ubuntu/airflow/dags/lecture_practice/soup-pipeline.py for tasks to queue
[2024-08-15T01:47:35.666+0900] {logging_mixin.py:188} INFO - [2024-08-15T01:47:35.666+0900] {dagbag.py:545} INFO - Filling up the DagBag from /home/ubuntu/airflow/dags/lecture_practice/soup-pipeline.py
[2024-08-15T01:47:35.919+0900] {processor.py:840} INFO - DAG(s) 'naver-finance-pipeline' retrieved from /home/ubuntu/airflow/dags/lecture_practice/soup-pipeline.py
[2024-08-15T01:47:35.928+0900] {logging_mixin.py:188} INFO - [2024-08-15T01:47:35.928+0900] {dag.py:3089} INFO - Sync 1 DAGs
[2024-08-15T01:47:35.940+0900] {logging_mixin.py:188} INFO - [2024-08-15T01:47:35.940+0900] {dag.py:3947} INFO - Setting next_dagrun for naver-finance-pipeline to 2024-08-14 16:00:00+00:00, run_after=2024-08-14 17:00:00+00:00
[2024-08-15T01:47:35.976+0900] {processor.py:183} INFO - Processing /home/ubuntu/airflow/dags/lecture_practice/soup-pipeline.py took 0.319 seconds
[2024-08-15T01:48:09.585+0900] {processor.py:161} INFO - Started process (PID=51088) to work on /home/ubuntu/airflow/dags/lecture_practice/soup-pipeline.py
[2024-08-15T01:48:09.596+0900] {processor.py:830} INFO - Processing file /home/ubuntu/airflow/dags/lecture_practice/soup-pipeline.py for tasks to queue
[2024-08-15T01:48:09.597+0900] {logging_mixin.py:188} INFO - [2024-08-15T01:48:09.596+0900] {dagbag.py:545} INFO - Filling up the DagBag from /home/ubuntu/airflow/dags/lecture_practice/soup-pipeline.py
[2024-08-15T01:48:09.852+0900] {processor.py:840} INFO - DAG(s) 'naver-finance-pipeline' retrieved from /home/ubuntu/airflow/dags/lecture_practice/soup-pipeline.py
[2024-08-15T01:48:09.862+0900] {logging_mixin.py:188} INFO - [2024-08-15T01:48:09.862+0900] {dag.py:3089} INFO - Sync 1 DAGs
[2024-08-15T01:48:09.874+0900] {logging_mixin.py:188} INFO - [2024-08-15T01:48:09.874+0900] {dag.py:3947} INFO - Setting next_dagrun for naver-finance-pipeline to 2024-08-14 16:00:00+00:00, run_after=2024-08-14 17:00:00+00:00
[2024-08-15T01:48:09.904+0900] {processor.py:183} INFO - Processing /home/ubuntu/airflow/dags/lecture_practice/soup-pipeline.py took 0.324 seconds
[2024-08-15T01:50:10.362+0900] {processor.py:161} INFO - Started process (PID=51173) to work on /home/ubuntu/airflow/dags/lecture_practice/soup-pipeline.py
[2024-08-15T01:50:10.363+0900] {processor.py:830} INFO - Processing file /home/ubuntu/airflow/dags/lecture_practice/soup-pipeline.py for tasks to queue
[2024-08-15T01:50:10.364+0900] {logging_mixin.py:188} INFO - [2024-08-15T01:50:10.364+0900] {dagbag.py:545} INFO - Filling up the DagBag from /home/ubuntu/airflow/dags/lecture_practice/soup-pipeline.py
[2024-08-15T01:50:10.626+0900] {processor.py:840} INFO - DAG(s) 'naver-finance-pipeline' retrieved from /home/ubuntu/airflow/dags/lecture_practice/soup-pipeline.py
[2024-08-15T01:50:10.639+0900] {logging_mixin.py:188} INFO - [2024-08-15T01:50:10.639+0900] {dag.py:3089} INFO - Sync 1 DAGs
[2024-08-15T01:50:10.651+0900] {logging_mixin.py:188} INFO - [2024-08-15T01:50:10.651+0900] {dag.py:3947} INFO - Setting next_dagrun for naver-finance-pipeline to 2024-08-14 16:00:00+00:00, run_after=2024-08-14 17:00:00+00:00
[2024-08-15T01:50:10.670+0900] {processor.py:183} INFO - Processing /home/ubuntu/airflow/dags/lecture_practice/soup-pipeline.py took 0.313 seconds
[2024-08-15T02:17:25.811+0900] {processor.py:161} INFO - Started process (PID=51261) to work on /home/ubuntu/airflow/dags/lecture_practice/soup-pipeline.py
[2024-08-15T02:17:25.812+0900] {processor.py:830} INFO - Processing file /home/ubuntu/airflow/dags/lecture_practice/soup-pipeline.py for tasks to queue
[2024-08-15T02:17:25.813+0900] {logging_mixin.py:188} INFO - [2024-08-15T02:17:25.813+0900] {dagbag.py:545} INFO - Filling up the DagBag from /home/ubuntu/airflow/dags/lecture_practice/soup-pipeline.py
[2024-08-15T02:17:26.068+0900] {processor.py:840} INFO - DAG(s) 'naver-finance-pipeline' retrieved from /home/ubuntu/airflow/dags/lecture_practice/soup-pipeline.py
[2024-08-15T02:17:26.080+0900] {logging_mixin.py:188} INFO - [2024-08-15T02:17:26.080+0900] {dag.py:3089} INFO - Sync 1 DAGs
[2024-08-15T02:17:26.093+0900] {logging_mixin.py:188} INFO - [2024-08-15T02:17:26.092+0900] {dag.py:3947} INFO - Setting next_dagrun for naver-finance-pipeline to 2024-08-14 17:00:00+00:00, run_after=2024-08-14 18:00:00+00:00
[2024-08-15T02:17:26.189+0900] {processor.py:183} INFO - Processing /home/ubuntu/airflow/dags/lecture_practice/soup-pipeline.py took 0.382 seconds
[2024-08-15T02:18:28.202+0900] {processor.py:161} INFO - Started process (PID=51409) to work on /home/ubuntu/airflow/dags/lecture_practice/soup-pipeline.py
[2024-08-15T02:18:28.203+0900] {processor.py:830} INFO - Processing file /home/ubuntu/airflow/dags/lecture_practice/soup-pipeline.py for tasks to queue
[2024-08-15T02:18:28.204+0900] {logging_mixin.py:188} INFO - [2024-08-15T02:18:28.204+0900] {dagbag.py:545} INFO - Filling up the DagBag from /home/ubuntu/airflow/dags/lecture_practice/soup-pipeline.py
[2024-08-15T02:18:28.545+0900] {processor.py:840} INFO - DAG(s) 'naver-finance-pipeline' retrieved from /home/ubuntu/airflow/dags/lecture_practice/soup-pipeline.py
[2024-08-15T02:18:28.553+0900] {logging_mixin.py:188} INFO - [2024-08-15T02:18:28.553+0900] {dag.py:3089} INFO - Sync 1 DAGs
[2024-08-15T02:18:28.565+0900] {logging_mixin.py:188} INFO - [2024-08-15T02:18:28.565+0900] {dag.py:3947} INFO - Setting next_dagrun for naver-finance-pipeline to 2024-08-14 17:00:00+00:00, run_after=2024-08-14 18:00:00+00:00
[2024-08-15T02:18:28.581+0900] {processor.py:183} INFO - Processing /home/ubuntu/airflow/dags/lecture_practice/soup-pipeline.py took 0.385 seconds
