[2024-08-13T14:09:59.325+0900] {local_task_job_runner.py:120} INFO - ::group::Pre task execution logs
[2024-08-13T14:09:59.335+0900] {taskinstance.py:2076} INFO - Dependencies all met for dep_context=non-requeueable deps ti=<TaskInstance: example_bash_operator.runme_2 scheduled__2024-08-12T00:00:00+00:00 [queued]>
[2024-08-13T14:09:59.338+0900] {taskinstance.py:2076} INFO - Dependencies all met for dep_context=requeueable deps ti=<TaskInstance: example_bash_operator.runme_2 scheduled__2024-08-12T00:00:00+00:00 [queued]>
[2024-08-13T14:09:59.339+0900] {taskinstance.py:2306} INFO - Starting attempt 1 of 1
[2024-08-13T14:09:59.350+0900] {taskinstance.py:2330} INFO - Executing <Task(BashOperator): runme_2> on 2024-08-12 00:00:00+00:00
[2024-08-13T14:09:59.351+0900] {standard_task_runner.py:64} INFO - Started process 4749 to run task
[2024-08-13T14:09:59.354+0900] {standard_task_runner.py:90} INFO - Running: ['airflow', 'tasks', 'run', 'example_bash_operator', 'runme_2', 'scheduled__2024-08-12T00:00:00+00:00', '--job-id', '4', '--raw', '--subdir', '/home/ubuntu/miniconda3/envs/airflow-env/lib/python3.8/site-packages/airflow/example_dags/example_bash_operator.py', '--cfg-path', '/tmp/tmp_kif1f7_']
[2024-08-13T14:09:59.354+0900] {standard_task_runner.py:91} INFO - Job 4: Subtask runme_2
[2024-08-13T14:09:59.385+0900] {task_command.py:426} INFO - Running <TaskInstance: example_bash_operator.runme_2 scheduled__2024-08-12T00:00:00+00:00 [running]> on host demo-server
[2024-08-13T14:09:59.426+0900] {taskinstance.py:2648} INFO - Exporting env vars: AIRFLOW_CTX_DAG_OWNER='airflow' AIRFLOW_CTX_DAG_ID='example_bash_operator' AIRFLOW_CTX_TASK_ID='runme_2' AIRFLOW_CTX_EXECUTION_DATE='2024-08-12T00:00:00+00:00' AIRFLOW_CTX_TRY_NUMBER='1' AIRFLOW_CTX_DAG_RUN_ID='scheduled__2024-08-12T00:00:00+00:00'
[2024-08-13T14:09:59.427+0900] {taskinstance.py:430} INFO - ::endgroup::
[2024-08-13T14:09:59.428+0900] {subprocess.py:63} INFO - Tmp dir root location: /tmp
[2024-08-13T14:09:59.428+0900] {subprocess.py:75} INFO - Running command: ['/usr/bin/bash', '-c', 'echo "example_bash_operator__runme_2__20240812" && sleep 1']
[2024-08-13T14:09:59.432+0900] {subprocess.py:86} INFO - Output:
[2024-08-13T14:09:59.433+0900] {subprocess.py:93} INFO - example_bash_operator__runme_2__20240812
[2024-08-13T14:10:00.441+0900] {subprocess.py:97} INFO - Command exited with return code 0
[2024-08-13T14:10:00.442+0900] {taskinstance.py:441} INFO - ::group::Post task execution logs
[2024-08-13T14:10:00.482+0900] {taskinstance.py:1206} INFO - Marking task as SUCCESS. dag_id=example_bash_operator, task_id=runme_2, run_id=scheduled__2024-08-12T00:00:00+00:00, execution_date=20240812T000000, start_date=20240813T050959, end_date=20240813T051000
[2024-08-13T14:10:00.509+0900] {local_task_job_runner.py:243} INFO - Task exited with return code 0
[2024-08-13T14:10:00.520+0900] {taskinstance.py:3503} INFO - 1 downstream tasks scheduled from follow-on schedule check
[2024-08-13T14:10:00.527+0900] {local_task_job_runner.py:222} INFO - ::endgroup::
