[2024-08-15T00:22:05.563+0900] {local_task_job_runner.py:120} INFO - ::group::Pre task execution logs
[2024-08-15T00:22:05.591+0900] {taskinstance.py:2076} INFO - Dependencies all met for dep_context=non-requeueable deps ti=<TaskInstance: example-pipeline.crawl_result manual__2024-08-14T15:22:01.913293+00:00 [queued]>
[2024-08-15T00:22:05.599+0900] {taskinstance.py:2076} INFO - Dependencies all met for dep_context=requeueable deps ti=<TaskInstance: example-pipeline.crawl_result manual__2024-08-14T15:22:01.913293+00:00 [queued]>
[2024-08-15T00:22:05.600+0900] {taskinstance.py:2306} INFO - Starting attempt 1 of 1
[2024-08-15T00:22:05.628+0900] {taskinstance.py:2330} INFO - Executing <Task(PythonOperator): crawl_result> on 2024-08-14 15:22:01.913293+00:00
[2024-08-15T00:22:05.636+0900] {standard_task_runner.py:64} INFO - Started process 44519 to run task
[2024-08-15T00:22:05.656+0900] {standard_task_runner.py:90} INFO - Running: ['airflow', 'tasks', 'run', 'example-pipeline', 'crawl_result', 'manual__2024-08-14T15:22:01.913293+00:00', '--job-id', '74', '--raw', '--subdir', 'DAGS_FOLDER/example-pipeline.py', '--cfg-path', '/tmp/tmp7h1nr63b']
[2024-08-15T00:22:05.657+0900] {standard_task_runner.py:91} INFO - Job 74: Subtask crawl_result
[2024-08-15T00:22:05.707+0900] {task_command.py:426} INFO - Running <TaskInstance: example-pipeline.crawl_result manual__2024-08-14T15:22:01.913293+00:00 [running]> on host demo-server
[2024-08-15T00:22:05.779+0900] {taskinstance.py:2648} INFO - Exporting env vars: AIRFLOW_CTX_DAG_OWNER='airflow' AIRFLOW_CTX_DAG_ID='example-pipeline' AIRFLOW_CTX_TASK_ID='crawl_result' AIRFLOW_CTX_EXECUTION_DATE='2024-08-14T15:22:01.913293+00:00' AIRFLOW_CTX_TRY_NUMBER='1' AIRFLOW_CTX_DAG_RUN_ID='manual__2024-08-14T15:22:01.913293+00:00'
[2024-08-15T00:22:05.781+0900] {taskinstance.py:430} INFO - ::endgroup::
[2024-08-15T00:22:06.063+0900] {logging_mixin.py:188} INFO - 'comment' key not found in response for store ID 1238400864 with comment ID 0.
[2024-08-15T00:22:06.217+0900] {logging_mixin.py:188} INFO - 'comment' key not found in response for store ID 13575898 with comment ID 0.
[2024-08-15T00:22:06.306+0900] {logging_mixin.py:188} INFO - Error processing store ID 8279464 with comment ID 0: 'comment'
[2024-08-15T00:22:06.491+0900] {logging_mixin.py:188} INFO - 'comment' key not found in response for store ID 22716674 with comment ID 0.
[2024-08-15T00:22:06.622+0900] {logging_mixin.py:188} INFO - 'comment' key not found in response for store ID 95713992 with comment ID 0.
[2024-08-15T00:22:06.787+0900] {logging_mixin.py:188} INFO - 'comment' key not found in response for store ID 1428481536 with comment ID 0.
[2024-08-15T00:22:06.919+0900] {logging_mixin.py:188} INFO - 'comment' key not found in response for store ID 16421356 with comment ID 0.
[2024-08-15T00:22:07.100+0900] {logging_mixin.py:188} INFO - 'comment' key not found in response for store ID 22837049 with comment ID 0.
[2024-08-15T00:22:07.163+0900] {logging_mixin.py:188} INFO - Error processing store ID 1752978029 with comment ID 0: 'comment'
[2024-08-15T00:22:07.325+0900] {logging_mixin.py:188} INFO - 'comment' key not found in response for store ID 26330643 with comment ID 0.
[2024-08-15T00:22:07.372+0900] {logging_mixin.py:188} INFO - Error processing store ID 109169564 with comment ID 0: 'comment'
[2024-08-15T00:22:07.534+0900] {logging_mixin.py:188} INFO - 'comment' key not found in response for store ID 1503746075 with comment ID 0.
[2024-08-15T00:22:07.699+0900] {logging_mixin.py:188} INFO - 'comment' key not found in response for store ID 27564595 with comment ID 0.
[2024-08-15T00:22:07.832+0900] {logging_mixin.py:188} INFO - 'comment' key not found in response for store ID 12418029 with comment ID 0.
[2024-08-15T00:22:07.959+0900] {logging_mixin.py:188} INFO - 'comment' key not found in response for store ID 7983060 with comment ID 0.
[2024-08-15T00:22:08.262+0900] {logging_mixin.py:188} INFO - 'comment' key not found in response for store ID 1622865435 with comment ID 0.
[2024-08-15T00:22:08.434+0900] {logging_mixin.py:188} INFO - 'comment' key not found in response for store ID 8123221 with comment ID 0.
[2024-08-15T00:22:08.634+0900] {logging_mixin.py:188} INFO - 'comment' key not found in response for store ID 53292857 with comment ID 0.
[2024-08-15T00:22:08.759+0900] {logging_mixin.py:188} INFO - 'comment' key not found in response for store ID 27272711 with comment ID 0.
[2024-08-15T00:22:08.937+0900] {logging_mixin.py:188} INFO - 'comment' key not found in response for store ID 1797970569 with comment ID 0.
[2024-08-15T00:22:09.100+0900] {logging_mixin.py:188} INFO - 'comment' key not found in response for store ID 1767349854 with comment ID 0.
[2024-08-15T00:22:09.216+0900] {logging_mixin.py:188} INFO - 'comment' key not found in response for store ID 965893653 with comment ID 0.
[2024-08-15T00:22:09.403+0900] {logging_mixin.py:188} INFO - 'comment' key not found in response for store ID 18514677 with comment ID 0.
[2024-08-15T00:22:09.554+0900] {logging_mixin.py:188} INFO - 'comment' key not found in response for store ID 13337463 with comment ID 0.
[2024-08-15T00:22:09.622+0900] {logging_mixin.py:188} INFO - Error processing store ID 443293859 with comment ID 0: 'comment'
[2024-08-15T00:22:09.751+0900] {logging_mixin.py:188} INFO - 'comment' key not found in response for store ID 19382069 with comment ID 0.
[2024-08-15T00:22:09.915+0900] {logging_mixin.py:188} INFO - 'comment' key not found in response for store ID 21089840 with comment ID 0.
[2024-08-15T00:22:10.035+0900] {logging_mixin.py:188} INFO - 'comment' key not found in response for store ID 12771116 with comment ID 0.
[2024-08-15T00:22:10.219+0900] {logging_mixin.py:188} INFO - 'comment' key not found in response for store ID 9012776 with comment ID 0.
[2024-08-15T00:22:10.364+0900] {logging_mixin.py:188} INFO - 'comment' key not found in response for store ID 132754911 with comment ID 0.
[2024-08-15T00:22:10.427+0900] {python.py:237} INFO - Done. Returned value was: None
[2024-08-15T00:22:10.427+0900] {taskinstance.py:441} INFO - ::group::Post task execution logs
[2024-08-15T00:22:10.431+0900] {taskinstance.py:1206} INFO - Marking task as SUCCESS. dag_id=example-pipeline, task_id=crawl_result, run_id=manual__2024-08-14T15:22:01.913293+00:00, execution_date=20240814T152201, start_date=20240814T152205, end_date=20240814T152210
[2024-08-15T00:22:10.465+0900] {local_task_job_runner.py:243} INFO - Task exited with return code 0
[2024-08-15T00:22:10.480+0900] {taskinstance.py:3503} INFO - 1 downstream tasks scheduled from follow-on schedule check
[2024-08-15T00:22:10.492+0900] {local_task_job_runner.py:222} INFO - ::endgroup::
