[2024-08-14T11:20:15.661+0900] {local_task_job_runner.py:120} INFO - ::group::Pre task execution logs
[2024-08-14T11:20:15.666+0900] {taskinstance.py:2076} INFO - Dependencies all met for dep_context=non-requeueable deps ti=<TaskInstance: kakao-pipeline.store_result manual__2024-08-14T02:20:06.351582+00:00 [queued]>
[2024-08-14T11:20:15.670+0900] {taskinstance.py:2076} INFO - Dependencies all met for dep_context=requeueable deps ti=<TaskInstance: kakao-pipeline.store_result manual__2024-08-14T02:20:06.351582+00:00 [queued]>
[2024-08-14T11:20:15.670+0900] {taskinstance.py:2306} INFO - Starting attempt 1 of 1
[2024-08-14T11:20:15.684+0900] {taskinstance.py:2330} INFO - Executing <Task(BashOperator): store_result> on 2024-08-14 02:20:06.351582+00:00
[2024-08-14T11:20:15.687+0900] {standard_task_runner.py:64} INFO - Started process 10227 to run task
[2024-08-14T11:20:15.690+0900] {standard_task_runner.py:90} INFO - Running: ['airflow', 'tasks', 'run', 'kakao-pipeline', 'store_result', 'manual__2024-08-14T02:20:06.351582+00:00', '--job-id', '21', '--raw', '--subdir', 'DAGS_FOLDER/kakao-pipeline.py', '--cfg-path', '/tmp/tmpo20svlse']
[2024-08-14T11:20:15.690+0900] {standard_task_runner.py:91} INFO - Job 21: Subtask store_result
[2024-08-14T11:20:15.721+0900] {task_command.py:426} INFO - Running <TaskInstance: kakao-pipeline.store_result manual__2024-08-14T02:20:06.351582+00:00 [running]> on host demo-server
[2024-08-14T11:20:15.770+0900] {taskinstance.py:2648} INFO - Exporting env vars: AIRFLOW_CTX_DAG_OWNER='airflow' AIRFLOW_CTX_DAG_ID='kakao-pipeline' AIRFLOW_CTX_TASK_ID='store_result' AIRFLOW_CTX_EXECUTION_DATE='2024-08-14T02:20:06.351582+00:00' AIRFLOW_CTX_TRY_NUMBER='1' AIRFLOW_CTX_DAG_RUN_ID='manual__2024-08-14T02:20:06.351582+00:00'
[2024-08-14T11:20:15.771+0900] {taskinstance.py:430} INFO - ::endgroup::
[2024-08-14T11:20:15.771+0900] {subprocess.py:63} INFO - Tmp dir root location: /tmp
[2024-08-14T11:20:15.772+0900] {subprocess.py:75} INFO - Running command: ['/usr/bin/bash', '-c', 'echo -e ".separator ","\n.import /home/ubuntu/airflow/dags/tmp/processed_result.csv kakao_search_result" | sqlite3 /home/ubuntu/airflow/airflow.db']
[2024-08-14T11:20:15.777+0900] {subprocess.py:86} INFO - Output:
[2024-08-14T11:20:15.799+0900] {subprocess.py:97} INFO - Command exited with return code 0
[2024-08-14T11:20:15.800+0900] {taskinstance.py:441} INFO - ::group::Post task execution logs
[2024-08-14T11:20:15.816+0900] {taskinstance.py:1206} INFO - Marking task as SUCCESS. dag_id=kakao-pipeline, task_id=store_result, run_id=manual__2024-08-14T02:20:06.351582+00:00, execution_date=20240814T022006, start_date=20240814T022015, end_date=20240814T022015
[2024-08-14T11:20:15.843+0900] {local_task_job_runner.py:243} INFO - Task exited with return code 0
[2024-08-14T11:20:15.850+0900] {taskinstance.py:3503} INFO - 0 downstream tasks scheduled from follow-on schedule check
[2024-08-14T11:20:15.850+0900] {local_task_job_runner.py:222} INFO - ::endgroup::
